{"uuid":"932d7a6e-e775-44b7-af1d-f1828af11424","historyId":"fdf3d034b3af3265008beaf5506a0bbf","fullName":"org.selenium.pom.tests.FormTest.BlogSignUpFormEnquiry","labels":[{"name":"package","value":"org.selenium.pom.tests.FormTest"},{"name":"testClass","value":"org.selenium.pom.tests.FormTest"},{"name":"testMethod","value":"BlogSignUpFormEnquiry"},{"name":"parentSuite","value":"Suite1"},{"name":"suite","value":"Firefox"},{"name":"subSuite","value":"org.selenium.pom.tests.FormTest"},{"name":"host","value":"Administrators-MacBook-Pro.local"},{"name":"thread","value":"17485@Administrators-MacBook-Pro.local.TestNG-test=Firefox-2(28)"},{"name":"framework","value":"testng"},{"name":"language","value":"java"}],"links":[],"name":"Blog signup form enquiry for the Discovering Orchids program","status":"broken","statusDetails":{"known":false,"muted":false,"flaky":false,"message":"Element <button class=\"flex m-auto  sm:w-1/2 w-full py-2 bg-red-light dark:bg-green-standard border dark:border-green-standard border-red-right justify-center items-center rounded-full dark:rounded-[3px]\" type=\"submit\"> is not clickable at point (613,871) because another element <div class=\"dark:text-white text-black-lighter\"> obscures it\nBuild info: version: '4.8.3', revision: 'e5e76298c3'\nSystem info: os.name: 'Mac OS X', os.arch: 'aarch64', os.version: '14.0', java.version: '17.0.2'\nDriver info: org.openqa.selenium.remote.RemoteWebDriver\nCommand: [ab1911c4-bbd9-4e66-ba8e-423d5da94f1d, clickElement {id=e9b66fe0-bbe4-4167-a4fe-4c4da025a60e}]\nCapabilities {acceptInsecureCerts: true, browserName: firefox, browserVersion: 117.0, moz:accessibilityChecks: false, moz:buildID: 20230912013654, moz:debuggerAddress: 127.0.0.1:26136, moz:firefoxOptions: {}, moz:geckodriverVersion: 0.33.0, moz:headless: false, moz:platformVersion: 5.15.49-linuxkit-pr, moz:processID: 159, moz:profile: /tmp/rust_mozprofilehjG5Xg, moz:shutdownTimeout: 60000, moz:webdriverClick: true, moz:windowless: false, pageLoadStrategy: normal, platformName: LINUX, proxy: Proxy(), se:bidi: ws://172.19.0.4:4444/sessio..., se:cdp: ws://172.19.0.4:4444/sessio..., se:cdpVersion: 85.0, se:noVncPort: 7900, se:vnc: ws://172.19.0.4:4444/sessio..., se:vncEnabled: true, se:vncLocalAddress: ws://172.19.0.4:7900, setWindowRect: true, strictFileInteractability: false, timeouts: {implicit: 0, pageLoad: 300000, script: 30000}, unhandledPromptBehavior: dismiss and notify}\nElement: [[RemoteWebDriver: firefox on LINUX (ab1911c4-bbd9-4e66-ba8e-423d5da94f1d)] -> xpath: (//button[@type='submit'])[1]]\nSession ID: ab1911c4-bbd9-4e66-ba8e-423d5da94f1d","trace":"org.openqa.selenium.ElementClickInterceptedException: Element <button class=\"flex m-auto  sm:w-1/2 w-full py-2 bg-red-light dark:bg-green-standard border dark:border-green-standard border-red-right justify-center items-center rounded-full dark:rounded-[3px]\" type=\"submit\"> is not clickable at point (613,871) because another element <div class=\"dark:text-white text-black-lighter\"> obscures it\nBuild info: version: '4.8.3', revision: 'e5e76298c3'\nSystem info: os.name: 'Mac OS X', os.arch: 'aarch64', os.version: '14.0', java.version: '17.0.2'\nDriver info: org.openqa.selenium.remote.RemoteWebDriver\nCommand: [ab1911c4-bbd9-4e66-ba8e-423d5da94f1d, clickElement {id=e9b66fe0-bbe4-4167-a4fe-4c4da025a60e}]\nCapabilities {acceptInsecureCerts: true, browserName: firefox, browserVersion: 117.0, moz:accessibilityChecks: false, moz:buildID: 20230912013654, moz:debuggerAddress: 127.0.0.1:26136, moz:firefoxOptions: {}, moz:geckodriverVersion: 0.33.0, moz:headless: false, moz:platformVersion: 5.15.49-linuxkit-pr, moz:processID: 159, moz:profile: /tmp/rust_mozprofilehjG5Xg, moz:shutdownTimeout: 60000, moz:webdriverClick: true, moz:windowless: false, pageLoadStrategy: normal, platformName: LINUX, proxy: Proxy(), se:bidi: ws://172.19.0.4:4444/sessio..., se:cdp: ws://172.19.0.4:4444/sessio..., se:cdpVersion: 85.0, se:noVncPort: 7900, se:vnc: ws://172.19.0.4:4444/sessio..., se:vncEnabled: true, se:vncLocalAddress: ws://172.19.0.4:7900, setWindowRect: true, strictFileInteractability: false, timeouts: {implicit: 0, pageLoad: 300000, script: 30000}, unhandledPromptBehavior: dismiss and notify}\nElement: [[RemoteWebDriver: firefox on LINUX (ab1911c4-bbd9-4e66-ba8e-423d5da94f1d)] -> xpath: (//button[@type='submit'])[1]]\nSession ID: ab1911c4-bbd9-4e66-ba8e-423d5da94f1d\n\tat java.base/jdk.internal.reflect.NativeConstructorAccessorImpl.newInstance0(Native Method)\n\tat java.base/jdk.internal.reflect.NativeConstructorAccessorImpl.newInstance(NativeConstructorAccessorImpl.java:77)\n\tat java.base/jdk.internal.reflect.DelegatingConstructorAccessorImpl.newInstance(DelegatingConstructorAccessorImpl.java:45)\n\tat java.base/java.lang.reflect.Constructor.newInstanceWithCaller(Constructor.java:499)\n\tat java.base/java.lang.reflect.Constructor.newInstance(Constructor.java:480)\n\tat org.openqa.selenium.remote.codec.w3c.W3CHttpResponseCodec.createException(W3CHttpResponseCodec.java:200)\n\tat org.openqa.selenium.remote.codec.w3c.W3CHttpResponseCodec.decode(W3CHttpResponseCodec.java:133)\n\tat org.openqa.selenium.remote.codec.w3c.W3CHttpResponseCodec.decode(W3CHttpResponseCodec.java:53)\n\tat org.openqa.selenium.remote.HttpCommandExecutor.execute(HttpCommandExecutor.java:193)\n\tat org.openqa.selenium.remote.TracedCommandExecutor.execute(TracedCommandExecutor.java:51)\n\tat org.openqa.selenium.remote.RemoteWebDriver.execute(RemoteWebDriver.java:543)\n\tat org.openqa.selenium.remote.RemoteWebElement.execute(RemoteWebElement.java:257)\n\tat org.openqa.selenium.remote.RemoteWebElement.click(RemoteWebElement.java:78)\n\tat org.selenium.pom.pages.forms.BlogSignUpForm.submitEnquiry(BlogSignUpForm.java:78)\n\tat org.selenium.pom.tests.FormTest.BlogSignUpFormEnquiry(FormTest.java:91)\n\tat java.base/jdk.internal.reflect.NativeMethodAccessorImpl.invoke0(Native Method)\n\tat java.base/jdk.internal.reflect.NativeMethodAccessorImpl.invoke(NativeMethodAccessorImpl.java:77)\n\tat java.base/jdk.internal.reflect.DelegatingMethodAccessorImpl.invoke(DelegatingMethodAccessorImpl.java:43)\n\tat java.base/java.lang.reflect.Method.invoke(Method.java:568)\n\tat org.testng.internal.invokers.MethodInvocationHelper.invokeMethod(MethodInvocationHelper.java:139)\n\tat org.testng.internal.invokers.TestInvoker.invokeMethod(TestInvoker.java:677)\n\tat org.testng.internal.invokers.TestInvoker.invokeTestMethod(TestInvoker.java:221)\n\tat org.testng.internal.invokers.MethodRunner.runInSequence(MethodRunner.java:50)\n\tat org.testng.internal.invokers.TestInvoker$MethodInvocationAgent.invoke(TestInvoker.java:969)\n\tat org.testng.internal.invokers.TestInvoker.invokeTestMethods(TestInvoker.java:194)\n\tat org.testng.internal.invokers.TestMethodWorker.invokeTestMethods(TestMethodWorker.java:148)\n\tat org.testng.internal.invokers.TestMethodWorker.run(TestMethodWorker.java:128)\n\tat java.base/java.util.concurrent.ThreadPoolExecutor.runWorker(ThreadPoolExecutor.java:1136)\n\tat java.base/java.util.concurrent.ThreadPoolExecutor$Worker.run(ThreadPoolExecutor.java:635)\n\tat java.base/java.lang.Thread.run(Thread.java:833)\n"},"stage":"finished","description":"This is the Blog signup form enquiry for the Discovering Orchids program","steps":[{"name":"load","status":"passed","stage":"finished","steps":[],"attachments":[],"parameters":[],"start":1698947662920,"stop":1698947668707},{"name":"setUserInfo","status":"passed","stage":"finished","steps":[{"name":"enterFirstName","status":"passed","stage":"finished","steps":[],"attachments":[],"parameters":[{"name":"firstName","value":"Automated"}],"start":1698947668708,"stop":1698947669639},{"name":"enterLastName","status":"passed","stage":"finished","steps":[],"attachments":[],"parameters":[{"name":"lastName","value":"Test"}],"start":1698947669639,"stop":1698947669977},{"name":"enterPhone","status":"passed","stage":"finished","steps":[],"attachments":[],"parameters":[{"name":"phone","value":"07123456789"}],"start":1698947669978,"stop":1698947670075},{"name":"enterEmail","status":"passed","stage":"finished","steps":[],"attachments":[],"parameters":[{"name":"email","value":"automatedtest@gviprograms.com"}],"start":1698947670075,"stop":1698947670250}],"attachments":[],"parameters":[{"name":"userInfo","value":"org.selenium.pom.objects.UserInfo@66d06c7d"}],"start":1698947668708,"stop":1698947670250},{"name":"selectNewsletter","status":"passed","stage":"finished","steps":[],"attachments":[],"parameters":[],"start":1698947670250,"stop":1698947670659},{"name":"submitEnquiry","status":"broken","statusDetails":{"known":false,"muted":false,"flaky":false,"message":"Element <button class=\"flex m-auto  sm:w-1/2 w-full py-2 bg-red-light dark:bg-green-standard border dark:border-green-standard border-red-right justify-center items-center rounded-full dark:rounded-[3px]\" type=\"submit\"> is not clickable at point (613,871) because another element <div class=\"dark:text-white text-black-lighter\"> obscures it\nBuild info: version: '4.8.3', revision: 'e5e76298c3'\nSystem info: os.name: 'Mac OS X', os.arch: 'aarch64', os.version: '14.0', java.version: '17.0.2'\nDriver info: org.openqa.selenium.remote.RemoteWebDriver\nCommand: [ab1911c4-bbd9-4e66-ba8e-423d5da94f1d, clickElement {id=e9b66fe0-bbe4-4167-a4fe-4c4da025a60e}]\nCapabilities {acceptInsecureCerts: true, browserName: firefox, browserVersion: 117.0, moz:accessibilityChecks: false, moz:buildID: 20230912013654, moz:debuggerAddress: 127.0.0.1:26136, moz:firefoxOptions: {}, moz:geckodriverVersion: 0.33.0, moz:headless: false, moz:platformVersion: 5.15.49-linuxkit-pr, moz:processID: 159, moz:profile: /tmp/rust_mozprofilehjG5Xg, moz:shutdownTimeout: 60000, moz:webdriverClick: true, moz:windowless: false, pageLoadStrategy: normal, platformName: LINUX, proxy: Proxy(), se:bidi: ws://172.19.0.4:4444/sessio..., se:cdp: ws://172.19.0.4:4444/sessio..., se:cdpVersion: 85.0, se:noVncPort: 7900, se:vnc: ws://172.19.0.4:4444/sessio..., se:vncEnabled: true, se:vncLocalAddress: ws://172.19.0.4:7900, setWindowRect: true, strictFileInteractability: false, timeouts: {implicit: 0, pageLoad: 300000, script: 30000}, unhandledPromptBehavior: dismiss and notify}\nElement: [[RemoteWebDriver: firefox on LINUX (ab1911c4-bbd9-4e66-ba8e-423d5da94f1d)] -> xpath: (//button[@type='submit'])[1]]\nSession ID: ab1911c4-bbd9-4e66-ba8e-423d5da94f1d","trace":"org.openqa.selenium.ElementClickInterceptedException: Element <button class=\"flex m-auto  sm:w-1/2 w-full py-2 bg-red-light dark:bg-green-standard border dark:border-green-standard border-red-right justify-center items-center rounded-full dark:rounded-[3px]\" type=\"submit\"> is not clickable at point (613,871) because another element <div class=\"dark:text-white text-black-lighter\"> obscures it\nBuild info: version: '4.8.3', revision: 'e5e76298c3'\nSystem info: os.name: 'Mac OS X', os.arch: 'aarch64', os.version: '14.0', java.version: '17.0.2'\nDriver info: org.openqa.selenium.remote.RemoteWebDriver\nCommand: [ab1911c4-bbd9-4e66-ba8e-423d5da94f1d, clickElement {id=e9b66fe0-bbe4-4167-a4fe-4c4da025a60e}]\nCapabilities {acceptInsecureCerts: true, browserName: firefox, browserVersion: 117.0, moz:accessibilityChecks: false, moz:buildID: 20230912013654, moz:debuggerAddress: 127.0.0.1:26136, moz:firefoxOptions: {}, moz:geckodriverVersion: 0.33.0, moz:headless: false, moz:platformVersion: 5.15.49-linuxkit-pr, moz:processID: 159, moz:profile: /tmp/rust_mozprofilehjG5Xg, moz:shutdownTimeout: 60000, moz:webdriverClick: true, moz:windowless: false, pageLoadStrategy: normal, platformName: LINUX, proxy: Proxy(), se:bidi: ws://172.19.0.4:4444/sessio..., se:cdp: ws://172.19.0.4:4444/sessio..., se:cdpVersion: 85.0, se:noVncPort: 7900, se:vnc: ws://172.19.0.4:4444/sessio..., se:vncEnabled: true, se:vncLocalAddress: ws://172.19.0.4:7900, setWindowRect: true, strictFileInteractability: false, timeouts: {implicit: 0, pageLoad: 300000, script: 30000}, unhandledPromptBehavior: dismiss and notify}\nElement: [[RemoteWebDriver: firefox on LINUX (ab1911c4-bbd9-4e66-ba8e-423d5da94f1d)] -> xpath: (//button[@type='submit'])[1]]\nSession ID: ab1911c4-bbd9-4e66-ba8e-423d5da94f1d\n\tat java.base/jdk.internal.reflect.NativeConstructorAccessorImpl.newInstance0(Native Method)\n\tat java.base/jdk.internal.reflect.NativeConstructorAccessorImpl.newInstance(NativeConstructorAccessorImpl.java:77)\n\tat java.base/jdk.internal.reflect.DelegatingConstructorAccessorImpl.newInstance(DelegatingConstructorAccessorImpl.java:45)\n\tat java.base/java.lang.reflect.Constructor.newInstanceWithCaller(Constructor.java:499)\n\tat java.base/java.lang.reflect.Constructor.newInstance(Constructor.java:480)\n\tat org.openqa.selenium.remote.codec.w3c.W3CHttpResponseCodec.createException(W3CHttpResponseCodec.java:200)\n\tat org.openqa.selenium.remote.codec.w3c.W3CHttpResponseCodec.decode(W3CHttpResponseCodec.java:133)\n\tat org.openqa.selenium.remote.codec.w3c.W3CHttpResponseCodec.decode(W3CHttpResponseCodec.java:53)\n\tat org.openqa.selenium.remote.HttpCommandExecutor.execute(HttpCommandExecutor.java:193)\n\tat org.openqa.selenium.remote.TracedCommandExecutor.execute(TracedCommandExecutor.java:51)\n\tat org.openqa.selenium.remote.RemoteWebDriver.execute(RemoteWebDriver.java:543)\n\tat org.openqa.selenium.remote.RemoteWebElement.execute(RemoteWebElement.java:257)\n\tat org.openqa.selenium.remote.RemoteWebElement.click(RemoteWebElement.java:78)\n\tat org.selenium.pom.pages.forms.BlogSignUpForm.submitEnquiry(BlogSignUpForm.java:78)\n\tat org.selenium.pom.tests.FormTest.BlogSignUpFormEnquiry(FormTest.java:91)\n\tat java.base/jdk.internal.reflect.NativeMethodAccessorImpl.invoke0(Native Method)\n\tat java.base/jdk.internal.reflect.NativeMethodAccessorImpl.invoke(NativeMethodAccessorImpl.java:77)\n\tat java.base/jdk.internal.reflect.DelegatingMethodAccessorImpl.invoke(DelegatingMethodAccessorImpl.java:43)\n\tat java.base/java.lang.reflect.Method.invoke(Method.java:568)\n\tat org.testng.internal.invokers.MethodInvocationHelper.invokeMethod(MethodInvocationHelper.java:139)\n\tat org.testng.internal.invokers.TestInvoker.invokeMethod(TestInvoker.java:677)\n\tat org.testng.internal.invokers.TestInvoker.invokeTestMethod(TestInvoker.java:221)\n\tat org.testng.internal.invokers.MethodRunner.runInSequence(MethodRunner.java:50)\n\tat org.testng.internal.invokers.TestInvoker$MethodInvocationAgent.invoke(TestInvoker.java:969)\n\tat org.testng.internal.invokers.TestInvoker.invokeTestMethods(TestInvoker.java:194)\n\tat org.testng.internal.invokers.TestMethodWorker.invokeTestMethods(TestMethodWorker.java:148)\n\tat org.testng.internal.invokers.TestMethodWorker.run(TestMethodWorker.java:128)\n\tat java.base/java.util.concurrent.ThreadPoolExecutor.runWorker(ThreadPoolExecutor.java:1136)\n\tat java.base/java.util.concurrent.ThreadPoolExecutor$Worker.run(ThreadPoolExecutor.java:635)\n\tat java.base/java.lang.Thread.run(Thread.java:833)\n"},"stage":"finished","steps":[],"attachments":[],"parameters":[],"start":1698947670660,"stop":1698947671799}],"attachments":[],"parameters":[{"name":"browser","value":"FIREFOX"}],"start":1698947662912,"stop":1698947671807}